{"/usr/src/app/src/context/logger.ts": {"path":"/usr/src/app/src/context/logger.ts","statementMap":{"0":{"start":{"line":1,"column":0},"end":{"line":1,"column":30}},"1":{"start":{"line":3,"column":15},"end":{"line":13,"column":2}},"2":{"start":{"line":15,"column":0},"end":{"line":15,"column":22}}},"fnMap":{},"branchMap":{},"s":{"0":3,"1":3,"2":3},"f":{},"b":{}}
,"/usr/src/app/src/prisma/index.ts": {"path":"/usr/src/app/src/prisma/index.ts","statementMap":{"0":{"start":{"line":1,"column":0},"end":{"line":1,"column":46}},"1":{"start":{"line":3,"column":15},"end":{"line":3,"column":33}},"2":{"start":{"line":5,"column":0},"end":{"line":5,"column":22}}},"fnMap":{},"branchMap":{},"s":{"0":3,"1":3,"2":3},"f":{},"b":{}}
,"/usr/src/app/src/router/categories.ts": {"path":"/usr/src/app/src/router/categories.ts","statementMap":{"0":{"start":{"line":1,"column":0},"end":{"line":1,"column":33}},"1":{"start":{"line":2,"column":0},"end":{"line":2,"column":31}},"2":{"start":{"line":3,"column":0},"end":{"line":3,"column":39}},"3":{"start":{"line":5,"column":25},"end":{"line":5,"column":33}},"4":{"start":{"line":9,"column":0},"end":{"line":19,"column":3}},"5":{"start":{"line":9,"column":45},"end":{"line":19,"column":2}},"6":{"start":{"line":10,"column":2},"end":{"line":18,"column":3}},"7":{"start":{"line":11,"column":23},"end":{"line":11,"column":55}},"8":{"start":{"line":12,"column":4},"end":{"line":12,"column":25}},"9":{"start":{"line":14,"column":4},"end":{"line":17,"column":5}},"10":{"start":{"line":15,"column":6},"end":{"line":15,"column":62}},"11":{"start":{"line":16,"column":6},"end":{"line":16,"column":59}},"12":{"start":{"line":22,"column":0},"end":{"line":35,"column":3}},"13":{"start":{"line":22,"column":46},"end":{"line":35,"column":2}},"14":{"start":{"line":23,"column":19},"end":{"line":23,"column":27}},"15":{"start":{"line":24,"column":2},"end":{"line":34,"column":3}},"16":{"start":{"line":25,"column":24},"end":{"line":27,"column":6}},"17":{"start":{"line":28,"column":4},"end":{"line":28,"column":38}},"18":{"start":{"line":30,"column":4},"end":{"line":33,"column":5}},"19":{"start":{"line":31,"column":6},"end":{"line":31,"column":63}},"20":{"start":{"line":32,"column":6},"end":{"line":32,"column":57}},"21":{"start":{"line":39,"column":0},"end":{"line":57,"column":3}},"22":{"start":{"line":39,"column":48},"end":{"line":57,"column":2}},"23":{"start":{"line":40,"column":17},"end":{"line":40,"column":27}},"24":{"start":{"line":41,"column":2},"end":{"line":56,"column":3}},"25":{"start":{"line":42,"column":21},"end":{"line":44,"column":6}},"26":{"start":{"line":46,"column":4},"end":{"line":50,"column":5}},"27":{"start":{"line":47,"column":6},"end":{"line":47,"column":55}},"28":{"start":{"line":49,"column":6},"end":{"line":49,"column":25}},"29":{"start":{"line":52,"column":4},"end":{"line":55,"column":5}},"30":{"start":{"line":53,"column":6},"end":{"line":53,"column":70}},"31":{"start":{"line":54,"column":6},"end":{"line":54,"column":57}},"32":{"start":{"line":60,"column":0},"end":{"line":75,"column":3}},"33":{"start":{"line":60,"column":48},"end":{"line":75,"column":2}},"34":{"start":{"line":61,"column":17},"end":{"line":61,"column":27}},"35":{"start":{"line":62,"column":19},"end":{"line":62,"column":27}},"36":{"start":{"line":63,"column":2},"end":{"line":74,"column":3}},"37":{"start":{"line":64,"column":28},"end":{"line":67,"column":6}},"38":{"start":{"line":68,"column":4},"end":{"line":68,"column":30}},"39":{"start":{"line":70,"column":4},"end":{"line":73,"column":5}},"40":{"start":{"line":71,"column":6},"end":{"line":71,"column":72}},"41":{"start":{"line":72,"column":6},"end":{"line":72,"column":57}},"42":{"start":{"line":78,"column":0},"end":{"line":91,"column":3}},"43":{"start":{"line":78,"column":51},"end":{"line":91,"column":2}},"44":{"start":{"line":79,"column":17},"end":{"line":79,"column":27}},"45":{"start":{"line":80,"column":2},"end":{"line":90,"column":3}},"46":{"start":{"line":81,"column":4},"end":{"line":83,"column":7}},"47":{"start":{"line":84,"column":4},"end":{"line":84,"column":54}},"48":{"start":{"line":86,"column":4},"end":{"line":89,"column":5}},"49":{"start":{"line":87,"column":6},"end":{"line":87,"column":73}},"50":{"start":{"line":88,"column":6},"end":{"line":88,"column":57}},"51":{"start":{"line":93,"column":0},"end":{"line":93,"column":32}}},"fnMap":{"0":{"name":"(anonymous_8)","decl":{"start":{"line":9,"column":26},"end":{"line":9,"column":33}},"loc":{"start":{"line":9,"column":45},"end":{"line":19,"column":2}}},"1":{"name":"(anonymous_9)","decl":{"start":{"line":9,"column":45},"end":{"line":9,"column":null}},"loc":{"start":{"line":9,"column":45},"end":{"line":19,"column":1}}},"2":{"name":"(anonymous_10)","decl":{"start":{"line":22,"column":27},"end":{"line":22,"column":34}},"loc":{"start":{"line":22,"column":46},"end":{"line":35,"column":2}}},"3":{"name":"(anonymous_11)","decl":{"start":{"line":22,"column":46},"end":{"line":22,"column":null}},"loc":{"start":{"line":22,"column":46},"end":{"line":35,"column":1}}},"4":{"name":"(anonymous_12)","decl":{"start":{"line":39,"column":29},"end":{"line":39,"column":36}},"loc":{"start":{"line":39,"column":48},"end":{"line":57,"column":2}}},"5":{"name":"(anonymous_13)","decl":{"start":{"line":39,"column":48},"end":{"line":39,"column":null}},"loc":{"start":{"line":39,"column":48},"end":{"line":57,"column":1}}},"6":{"name":"(anonymous_14)","decl":{"start":{"line":60,"column":29},"end":{"line":60,"column":36}},"loc":{"start":{"line":60,"column":48},"end":{"line":75,"column":2}}},"7":{"name":"(anonymous_15)","decl":{"start":{"line":60,"column":48},"end":{"line":60,"column":null}},"loc":{"start":{"line":60,"column":48},"end":{"line":75,"column":1}}},"8":{"name":"(anonymous_16)","decl":{"start":{"line":78,"column":32},"end":{"line":78,"column":39}},"loc":{"start":{"line":78,"column":51},"end":{"line":91,"column":2}}},"9":{"name":"(anonymous_17)","decl":{"start":{"line":78,"column":51},"end":{"line":78,"column":null}},"loc":{"start":{"line":78,"column":51},"end":{"line":91,"column":1}}}},"branchMap":{"0":{"loc":{"start":{"line":14,"column":4},"end":{"line":17,"column":5}},"type":"if","locations":[{"start":{"line":14,"column":4},"end":{"line":17,"column":5}}]},"1":{"loc":{"start":{"line":30,"column":4},"end":{"line":33,"column":5}},"type":"if","locations":[{"start":{"line":30,"column":4},"end":{"line":33,"column":5}}]},"2":{"loc":{"start":{"line":46,"column":4},"end":{"line":50,"column":5}},"type":"if","locations":[{"start":{"line":46,"column":4},"end":{"line":50,"column":5}},{"start":{"line":48,"column":11},"end":{"line":50,"column":5}}]},"3":{"loc":{"start":{"line":52,"column":4},"end":{"line":55,"column":5}},"type":"if","locations":[{"start":{"line":52,"column":4},"end":{"line":55,"column":5}}]},"4":{"loc":{"start":{"line":70,"column":4},"end":{"line":73,"column":5}},"type":"if","locations":[{"start":{"line":70,"column":4},"end":{"line":73,"column":5}}]},"5":{"loc":{"start":{"line":86,"column":4},"end":{"line":89,"column":5}},"type":"if","locations":[{"start":{"line":86,"column":4},"end":{"line":89,"column":5}}]}},"s":{"0":2,"1":2,"2":2,"3":2,"4":2,"5":1,"6":1,"7":1,"8":1,"9":0,"10":0,"11":0,"12":2,"13":1,"14":1,"15":1,"16":1,"17":1,"18":0,"19":0,"20":0,"21":2,"22":1,"23":1,"24":1,"25":1,"26":1,"27":0,"28":1,"29":0,"30":0,"31":0,"32":2,"33":0,"34":0,"35":0,"36":0,"37":0,"38":0,"39":0,"40":0,"41":0,"42":2,"43":1,"44":1,"45":1,"46":1,"47":1,"48":0,"49":0,"50":0,"51":2},"f":{"0":1,"1":1,"2":1,"3":1,"4":1,"5":1,"6":0,"7":0,"8":1,"9":1},"b":{"0":[0],"1":[0],"2":[0,1],"3":[0],"4":[0],"5":[0]}}
,"/usr/src/app/src/router/transactions.ts": {"path":"/usr/src/app/src/router/transactions.ts","statementMap":{"0":{"start":{"line":1,"column":0},"end":{"line":1,"column":33}},"1":{"start":{"line":2,"column":0},"end":{"line":2,"column":31}},"2":{"start":{"line":3,"column":0},"end":{"line":3,"column":39}},"3":{"start":{"line":4,"column":0},"end":{"line":4,"column":63}},"4":{"start":{"line":6,"column":27},"end":{"line":6,"column":35}},"5":{"start":{"line":13,"column":0},"end":{"line":27,"column":3}},"6":{"start":{"line":13,"column":47},"end":{"line":27,"column":2}},"7":{"start":{"line":14,"column":2},"end":{"line":26,"column":3}},"8":{"start":{"line":15,"column":25},"end":{"line":19,"column":6}},"9":{"start":{"line":20,"column":4},"end":{"line":20,"column":39}},"10":{"start":{"line":22,"column":4},"end":{"line":25,"column":5}},"11":{"start":{"line":23,"column":6},"end":{"line":23,"column":66}},"12":{"start":{"line":24,"column":6},"end":{"line":24,"column":55}},"13":{"start":{"line":32,"column":0},"end":{"line":79,"column":3}},"14":{"start":{"line":32,"column":48},"end":{"line":79,"column":2}},"15":{"start":{"line":33,"column":56},"end":{"line":33,"column":64}},"16":{"start":{"line":35,"column":2},"end":{"line":38,"column":3}},"17":{"start":{"line":36,"column":4},"end":{"line":36,"column":48}},"18":{"start":{"line":37,"column":4},"end":{"line":37,"column":62}},"19":{"start":{"line":40,"column":2},"end":{"line":40,"column":53}},"20":{"start":{"line":42,"column":2},"end":{"line":44,"column":4}},"21":{"start":{"line":45,"column":2},"end":{"line":78,"column":3}},"22":{"start":{"line":47,"column":4},"end":{"line":49,"column":6}},"23":{"start":{"line":51,"column":22},"end":{"line":51,"column":42}},"24":{"start":{"line":52,"column":4},"end":{"line":54,"column":5}},"25":{"start":{"line":53,"column":6},"end":{"line":53,"column":44}},"26":{"start":{"line":55,"column":4},"end":{"line":55,"column":50}},"27":{"start":{"line":56,"column":23},"end":{"line":56,"column":60}},"28":{"start":{"line":57,"column":4},"end":{"line":57,"column":49}},"29":{"start":{"line":60,"column":27},"end":{"line":68,"column":6}},"30":{"start":{"line":69,"column":4},"end":{"line":71,"column":6}},"31":{"start":{"line":72,"column":4},"end":{"line":72,"column":41}},"32":{"start":{"line":74,"column":4},"end":{"line":77,"column":5}},"33":{"start":{"line":75,"column":6},"end":{"line":75,"column":71}},"34":{"start":{"line":76,"column":6},"end":{"line":76,"column":54}},"35":{"start":{"line":83,"column":0},"end":{"line":104,"column":3}},"36":{"start":{"line":83,"column":50},"end":{"line":104,"column":2}},"37":{"start":{"line":84,"column":17},"end":{"line":84,"column":27}},"38":{"start":{"line":85,"column":2},"end":{"line":103,"column":3}},"39":{"start":{"line":86,"column":24},"end":{"line":91,"column":6}},"40":{"start":{"line":92,"column":4},"end":{"line":95,"column":5}},"41":{"start":{"line":93,"column":6},"end":{"line":93,"column":50}},"42":{"start":{"line":94,"column":6},"end":{"line":94,"column":63}},"43":{"start":{"line":96,"column":4},"end":{"line":96,"column":65}},"44":{"start":{"line":97,"column":4},"end":{"line":97,"column":38}},"45":{"start":{"line":99,"column":4},"end":{"line":102,"column":5}},"46":{"start":{"line":100,"column":6},"end":{"line":100,"column":66}},"47":{"start":{"line":101,"column":6},"end":{"line":101,"column":56}},"48":{"start":{"line":107,"column":0},"end":{"line":141,"column":3}},"49":{"start":{"line":107,"column":50},"end":{"line":141,"column":2}},"50":{"start":{"line":108,"column":17},"end":{"line":108,"column":27}},"51":{"start":{"line":109,"column":58},"end":{"line":109,"column":66}},"52":{"start":{"line":110,"column":2},"end":{"line":140,"column":3}},"53":{"start":{"line":112,"column":22},"end":{"line":112,"column":42}},"54":{"start":{"line":113,"column":26},"end":{"line":113,"column":50}},"55":{"start":{"line":115,"column":4},"end":{"line":117,"column":5}},"56":{"start":{"line":116,"column":6},"end":{"line":116,"column":44}},"57":{"start":{"line":119,"column":24},"end":{"line":130,"column":6}},"58":{"start":{"line":131,"column":4},"end":{"line":133,"column":6}},"59":{"start":{"line":134,"column":4},"end":{"line":134,"column":38}},"60":{"start":{"line":136,"column":4},"end":{"line":139,"column":5}},"61":{"start":{"line":137,"column":6},"end":{"line":137,"column":72}},"62":{"start":{"line":138,"column":6},"end":{"line":138,"column":54}},"63":{"start":{"line":144,"column":0},"end":{"line":158,"column":3}},"64":{"start":{"line":144,"column":53},"end":{"line":158,"column":2}},"65":{"start":{"line":145,"column":17},"end":{"line":145,"column":27}},"66":{"start":{"line":146,"column":2},"end":{"line":157,"column":3}},"67":{"start":{"line":147,"column":4},"end":{"line":149,"column":7}},"68":{"start":{"line":150,"column":4},"end":{"line":150,"column":40}},"69":{"start":{"line":151,"column":4},"end":{"line":151,"column":51}},"70":{"start":{"line":153,"column":4},"end":{"line":156,"column":5}},"71":{"start":{"line":154,"column":6},"end":{"line":154,"column":69}},"72":{"start":{"line":155,"column":6},"end":{"line":155,"column":54}},"73":{"start":{"line":160,"column":0},"end":{"line":160,"column":34}}},"fnMap":{"0":{"name":"(anonymous_8)","decl":{"start":{"line":13,"column":28},"end":{"line":13,"column":35}},"loc":{"start":{"line":13,"column":47},"end":{"line":27,"column":2}}},"1":{"name":"(anonymous_9)","decl":{"start":{"line":13,"column":47},"end":{"line":13,"column":null}},"loc":{"start":{"line":13,"column":47},"end":{"line":27,"column":1}}},"2":{"name":"(anonymous_10)","decl":{"start":{"line":32,"column":29},"end":{"line":32,"column":36}},"loc":{"start":{"line":32,"column":48},"end":{"line":79,"column":2}}},"3":{"name":"(anonymous_11)","decl":{"start":{"line":32,"column":48},"end":{"line":32,"column":null}},"loc":{"start":{"line":32,"column":48},"end":{"line":79,"column":1}}},"4":{"name":"(anonymous_12)","decl":{"start":{"line":83,"column":31},"end":{"line":83,"column":38}},"loc":{"start":{"line":83,"column":50},"end":{"line":104,"column":2}}},"5":{"name":"(anonymous_13)","decl":{"start":{"line":83,"column":50},"end":{"line":83,"column":null}},"loc":{"start":{"line":83,"column":50},"end":{"line":104,"column":1}}},"6":{"name":"(anonymous_14)","decl":{"start":{"line":107,"column":31},"end":{"line":107,"column":38}},"loc":{"start":{"line":107,"column":50},"end":{"line":141,"column":2}}},"7":{"name":"(anonymous_15)","decl":{"start":{"line":107,"column":50},"end":{"line":107,"column":null}},"loc":{"start":{"line":107,"column":50},"end":{"line":141,"column":1}}},"8":{"name":"(anonymous_16)","decl":{"start":{"line":144,"column":34},"end":{"line":144,"column":41}},"loc":{"start":{"line":144,"column":53},"end":{"line":158,"column":2}}},"9":{"name":"(anonymous_17)","decl":{"start":{"line":144,"column":53},"end":{"line":144,"column":null}},"loc":{"start":{"line":144,"column":53},"end":{"line":158,"column":1}}}},"branchMap":{"0":{"loc":{"start":{"line":22,"column":4},"end":{"line":25,"column":5}},"type":"if","locations":[{"start":{"line":22,"column":4},"end":{"line":25,"column":5}}]},"1":{"loc":{"start":{"line":35,"column":2},"end":{"line":38,"column":3}},"type":"if","locations":[{"start":{"line":35,"column":2},"end":{"line":38,"column":3}}]},"2":{"loc":{"start":{"line":35,"column":6},"end":{"line":35,"column":44}},"type":"binary-expr","locations":[{"start":{"line":35,"column":6},"end":{"line":35,"column":13}},{"start":{"line":35,"column":17},"end":{"line":35,"column":22}},{"start":{"line":35,"column":26},"end":{"line":35,"column":31}},{"start":{"line":35,"column":35},"end":{"line":35,"column":44}}]},"3":{"loc":{"start":{"line":52,"column":4},"end":{"line":54,"column":5}},"type":"if","locations":[{"start":{"line":52,"column":4},"end":{"line":54,"column":5}}]},"4":{"loc":{"start":{"line":74,"column":4},"end":{"line":77,"column":5}},"type":"if","locations":[{"start":{"line":74,"column":4},"end":{"line":77,"column":5}}]},"5":{"loc":{"start":{"line":92,"column":4},"end":{"line":95,"column":5}},"type":"if","locations":[{"start":{"line":92,"column":4},"end":{"line":95,"column":5}}]},"6":{"loc":{"start":{"line":99,"column":4},"end":{"line":102,"column":5}},"type":"if","locations":[{"start":{"line":99,"column":4},"end":{"line":102,"column":5}}]},"7":{"loc":{"start":{"line":115,"column":4},"end":{"line":117,"column":5}},"type":"if","locations":[{"start":{"line":115,"column":4},"end":{"line":117,"column":5}}]},"8":{"loc":{"start":{"line":136,"column":4},"end":{"line":139,"column":5}},"type":"if","locations":[{"start":{"line":136,"column":4},"end":{"line":139,"column":5}}]},"9":{"loc":{"start":{"line":153,"column":4},"end":{"line":156,"column":5}},"type":"if","locations":[{"start":{"line":153,"column":4},"end":{"line":156,"column":5}}]}},"s":{"0":1,"1":1,"2":1,"3":1,"4":1,"5":1,"6":1,"7":1,"8":1,"9":1,"10":0,"11":0,"12":0,"13":1,"14":2,"15":2,"16":2,"17":1,"18":1,"19":1,"20":1,"21":1,"22":1,"23":1,"24":1,"25":0,"26":1,"27":1,"28":0,"29":0,"30":0,"31":0,"32":1,"33":1,"34":1,"35":1,"36":2,"37":2,"38":2,"39":2,"40":1,"41":1,"42":1,"43":0,"44":0,"45":1,"46":1,"47":1,"48":1,"49":1,"50":1,"51":1,"52":1,"53":1,"54":1,"55":1,"56":0,"57":1,"58":0,"59":0,"60":1,"61":1,"62":1,"63":1,"64":1,"65":1,"66":1,"67":1,"68":0,"69":0,"70":1,"71":1,"72":1,"73":1},"f":{"0":1,"1":1,"2":2,"3":2,"4":2,"5":2,"6":1,"7":1,"8":1,"9":1},"b":{"0":[0],"1":[1],"2":[2,2,1,1],"3":[0],"4":[1],"5":[1],"6":[1],"7":[0],"8":[1],"9":[1]}}
,"/usr/src/app/src/utils/categoryUtils.ts": {"path":"/usr/src/app/src/utils/categoryUtils.ts","statementMap":{"0":{"start":{"line":1,"column":0},"end":{"line":1,"column":31}},"1":{"start":{"line":2,"column":0},"end":{"line":2,"column":39}},"2":{"start":{"line":5,"column":37},"end":{"line":41,"column":2}},"3":{"start":{"line":7,"column":21},"end":{"line":41,"column":2}},"4":{"start":{"line":8,"column":2},"end":{"line":8,"column":59}},"5":{"start":{"line":11,"column":25},"end":{"line":13,"column":4}},"6":{"start":{"line":15,"column":2},"end":{"line":21,"column":3}},"7":{"start":{"line":16,"column":4},"end":{"line":18,"column":6}},"8":{"start":{"line":20,"column":4},"end":{"line":20,"column":59}},"9":{"start":{"line":24,"column":2},"end":{"line":31,"column":3}},"10":{"start":{"line":25,"column":4},"end":{"line":27,"column":7}},"11":{"start":{"line":28,"column":4},"end":{"line":30,"column":6}},"12":{"start":{"line":34,"column":2},"end":{"line":40,"column":3}},"13":{"start":{"line":35,"column":4},"end":{"line":35,"column":59}},"14":{"start":{"line":36,"column":4},"end":{"line":36,"column":31}},"15":{"start":{"line":38,"column":4},"end":{"line":38,"column":40}},"16":{"start":{"line":39,"column":4},"end":{"line":39,"column":41}},"17":{"start":{"line":5,"column":13},"end":{"line":5,"column":37}}},"fnMap":{"0":{"name":"(anonymous_8)","decl":{"start":{"line":5,"column":37},"end":{"line":5,"column":null}},"loc":{"start":{"line":7,"column":21},"end":{"line":41,"column":2}}},"1":{"name":"(anonymous_9)","decl":{"start":{"line":7,"column":21},"end":{"line":7,"column":null}},"loc":{"start":{"line":7,"column":21},"end":{"line":41,"column":1}}}},"branchMap":{"0":{"loc":{"start":{"line":15,"column":2},"end":{"line":21,"column":3}},"type":"if","locations":[{"start":{"line":15,"column":2},"end":{"line":21,"column":3}},{"start":{"line":19,"column":9},"end":{"line":21,"column":3}}]},"1":{"loc":{"start":{"line":24,"column":2},"end":{"line":31,"column":3}},"type":"if","locations":[{"start":{"line":24,"column":2},"end":{"line":31,"column":3}}]},"2":{"loc":{"start":{"line":34,"column":2},"end":{"line":40,"column":3}},"type":"if","locations":[{"start":{"line":34,"column":2},"end":{"line":40,"column":3}},{"start":{"line":37,"column":9},"end":{"line":40,"column":3}}]},"3":{"loc":{"start":{"line":34,"column":6},"end":{"line":34,"column":45}},"type":"binary-expr","locations":[{"start":{"line":34,"column":6},"end":{"line":34,"column":22}},{"start":{"line":34,"column":26},"end":{"line":34,"column":45}}]}},"s":{"0":2,"1":2,"2":2,"3":4,"4":4,"5":4,"6":3,"7":2,"8":1,"9":3,"10":1,"11":1,"12":3,"13":3,"14":3,"15":0,"16":0,"17":2},"f":{"0":4,"1":4},"b":{"0":[2,1],"1":[1],"2":[3,0],"3":[3,3]}}
}
