{"/Users/tsukudasayoko/Desktop/portfolio/household_budget/app/backend/src/app.ts": {"path":"/Users/tsukudasayoko/Desktop/portfolio/household_budget/app/backend/src/app.ts","statementMap":{"0":{"start":{"line":1,"column":0},"end":{"line":1,"column":28}},"1":{"start":{"line":2,"column":0},"end":{"line":2,"column":30}},"2":{"start":{"line":3,"column":0},"end":{"line":3,"column":38}},"3":{"start":{"line":4,"column":0},"end":{"line":4,"column":28}},"4":{"start":{"line":5,"column":0},"end":{"line":5,"column":55}},"5":{"start":{"line":6,"column":0},"end":{"line":6,"column":39}},"6":{"start":{"line":7,"column":0},"end":{"line":7,"column":51}},"7":{"start":{"line":8,"column":0},"end":{"line":8,"column":24}},"8":{"start":{"line":11,"column":0},"end":{"line":11,"column":16}},"9":{"start":{"line":13,"column":12},"end":{"line":13,"column":21}},"10":{"start":{"line":14,"column":0},"end":{"line":14,"column":24}},"11":{"start":{"line":15,"column":13},"end":{"line":15,"column":17}},"12":{"start":{"line":18,"column":15},"end":{"line":20,"column":2}},"13":{"start":{"line":19,"column":30},"end":{"line":19,"column":58}},"14":{"start":{"line":22,"column":0},"end":{"line":22,"column":40}},"15":{"start":{"line":25,"column":0},"end":{"line":30,"column":2}},"16":{"start":{"line":32,"column":0},"end":{"line":32,"column":29}},"17":{"start":{"line":33,"column":0},"end":{"line":33,"column":45}},"18":{"start":{"line":34,"column":0},"end":{"line":34,"column":41}},"19":{"start":{"line":36,"column":0},"end":{"line":38,"column":3}},"20":{"start":{"line":37,"column":2},"end":{"line":37,"column":27}},"21":{"start":{"line":41,"column":0},"end":{"line":43,"column":3}},"22":{"start":{"line":42,"column":2},"end":{"line":42,"column":62}},"23":{"start":{"line":45,"column":0},"end":{"line":45,"column":19}}},"fnMap":{"0":{"name":"(anonymous_1)","decl":{"start":{"line":19,"column":9},"end":{"line":19,"column":10}},"loc":{"start":{"line":19,"column":30},"end":{"line":19,"column":58}}},"1":{"name":"(anonymous_2)","decl":{"start":{"line":36,"column":13},"end":{"line":36,"column":14}},"loc":{"start":{"line":36,"column":26},"end":{"line":38,"column":1}}},"2":{"name":"(anonymous_3)","decl":{"start":{"line":41,"column":17},"end":{"line":41,"column":20}},"loc":{"start":{"line":41,"column":22},"end":{"line":43,"column":1}}}},"branchMap":{"0":{"loc":{"start":{"line":27,"column":12},"end":{"line":27,"column":62}},"type":"binary-expr","locations":[{"start":{"line":27,"column":12},"end":{"line":27,"column":35}},{"start":{"line":27,"column":39},"end":{"line":27,"column":62}}]}},"s":{"0":2,"1":2,"2":2,"3":2,"4":2,"5":2,"6":2,"7":2,"8":2,"9":2,"10":2,"11":2,"12":2,"13":11,"14":2,"15":2,"16":2,"17":2,"18":2,"19":2,"20":0,"21":2,"22":0,"23":2},"f":{"0":11,"1":0,"2":0},"b":{"0":[2,0]}}
,"/Users/tsukudasayoko/Desktop/portfolio/household_budget/app/backend/src/context/logger.ts": {"path":"/Users/tsukudasayoko/Desktop/portfolio/household_budget/app/backend/src/context/logger.ts","statementMap":{"0":{"start":{"line":1,"column":0},"end":{"line":1,"column":30}},"1":{"start":{"line":3,"column":15},"end":{"line":13,"column":2}},"2":{"start":{"line":15,"column":0},"end":{"line":15,"column":22}}},"fnMap":{},"branchMap":{},"s":{"0":2,"1":2,"2":2},"f":{},"b":{}}
,"/Users/tsukudasayoko/Desktop/portfolio/household_budget/app/backend/src/prisma/index.ts": {"path":"/Users/tsukudasayoko/Desktop/portfolio/household_budget/app/backend/src/prisma/index.ts","statementMap":{"0":{"start":{"line":1,"column":0},"end":{"line":1,"column":46}},"1":{"start":{"line":3,"column":15},"end":{"line":3,"column":33}},"2":{"start":{"line":5,"column":0},"end":{"line":5,"column":22}}},"fnMap":{},"branchMap":{},"s":{"0":2,"1":2,"2":2},"f":{},"b":{}}
,"/Users/tsukudasayoko/Desktop/portfolio/household_budget/app/backend/src/router/categories.ts": {"path":"/Users/tsukudasayoko/Desktop/portfolio/household_budget/app/backend/src/router/categories.ts","statementMap":{"0":{"start":{"line":1,"column":0},"end":{"line":1,"column":33}},"1":{"start":{"line":2,"column":0},"end":{"line":2,"column":31}},"2":{"start":{"line":3,"column":0},"end":{"line":3,"column":39}},"3":{"start":{"line":5,"column":25},"end":{"line":5,"column":33}},"4":{"start":{"line":9,"column":0},"end":{"line":19,"column":3}},"5":{"start":{"line":9,"column":45},"end":{"line":19,"column":2}},"6":{"start":{"line":10,"column":2},"end":{"line":18,"column":3}},"7":{"start":{"line":11,"column":23},"end":{"line":11,"column":55}},"8":{"start":{"line":12,"column":4},"end":{"line":12,"column":25}},"9":{"start":{"line":14,"column":4},"end":{"line":17,"column":5}},"10":{"start":{"line":15,"column":6},"end":{"line":15,"column":62}},"11":{"start":{"line":16,"column":6},"end":{"line":16,"column":59}},"12":{"start":{"line":22,"column":0},"end":{"line":35,"column":3}},"13":{"start":{"line":22,"column":46},"end":{"line":35,"column":2}},"14":{"start":{"line":23,"column":19},"end":{"line":23,"column":27}},"15":{"start":{"line":24,"column":2},"end":{"line":34,"column":3}},"16":{"start":{"line":25,"column":24},"end":{"line":27,"column":6}},"17":{"start":{"line":28,"column":4},"end":{"line":28,"column":26}},"18":{"start":{"line":30,"column":4},"end":{"line":33,"column":5}},"19":{"start":{"line":31,"column":6},"end":{"line":31,"column":63}},"20":{"start":{"line":32,"column":6},"end":{"line":32,"column":57}},"21":{"start":{"line":39,"column":0},"end":{"line":54,"column":3}},"22":{"start":{"line":39,"column":48},"end":{"line":54,"column":2}},"23":{"start":{"line":40,"column":17},"end":{"line":40,"column":27}},"24":{"start":{"line":41,"column":19},"end":{"line":41,"column":27}},"25":{"start":{"line":42,"column":2},"end":{"line":53,"column":3}},"26":{"start":{"line":43,"column":28},"end":{"line":46,"column":6}},"27":{"start":{"line":47,"column":4},"end":{"line":47,"column":30}},"28":{"start":{"line":49,"column":4},"end":{"line":52,"column":5}},"29":{"start":{"line":50,"column":6},"end":{"line":50,"column":72}},"30":{"start":{"line":51,"column":6},"end":{"line":51,"column":57}},"31":{"start":{"line":57,"column":0},"end":{"line":70,"column":3}},"32":{"start":{"line":57,"column":51},"end":{"line":70,"column":2}},"33":{"start":{"line":58,"column":17},"end":{"line":58,"column":27}},"34":{"start":{"line":59,"column":2},"end":{"line":69,"column":3}},"35":{"start":{"line":60,"column":4},"end":{"line":62,"column":7}},"36":{"start":{"line":63,"column":4},"end":{"line":63,"column":42}},"37":{"start":{"line":65,"column":4},"end":{"line":68,"column":5}},"38":{"start":{"line":66,"column":6},"end":{"line":66,"column":73}},"39":{"start":{"line":67,"column":6},"end":{"line":67,"column":57}},"40":{"start":{"line":72,"column":0},"end":{"line":72,"column":32}}},"fnMap":{"0":{"name":"(anonymous_8)","decl":{"start":{"line":9,"column":26},"end":{"line":9,"column":33}},"loc":{"start":{"line":9,"column":45},"end":{"line":19,"column":2}}},"1":{"name":"(anonymous_9)","decl":{"start":{"line":9,"column":45},"end":{"line":9,"column":null}},"loc":{"start":{"line":9,"column":45},"end":{"line":19,"column":1}}},"2":{"name":"(anonymous_10)","decl":{"start":{"line":22,"column":27},"end":{"line":22,"column":34}},"loc":{"start":{"line":22,"column":46},"end":{"line":35,"column":2}}},"3":{"name":"(anonymous_11)","decl":{"start":{"line":22,"column":46},"end":{"line":22,"column":null}},"loc":{"start":{"line":22,"column":46},"end":{"line":35,"column":1}}},"4":{"name":"(anonymous_12)","decl":{"start":{"line":39,"column":29},"end":{"line":39,"column":36}},"loc":{"start":{"line":39,"column":48},"end":{"line":54,"column":2}}},"5":{"name":"(anonymous_13)","decl":{"start":{"line":39,"column":48},"end":{"line":39,"column":null}},"loc":{"start":{"line":39,"column":48},"end":{"line":54,"column":1}}},"6":{"name":"(anonymous_14)","decl":{"start":{"line":57,"column":32},"end":{"line":57,"column":39}},"loc":{"start":{"line":57,"column":51},"end":{"line":70,"column":2}}},"7":{"name":"(anonymous_15)","decl":{"start":{"line":57,"column":51},"end":{"line":57,"column":null}},"loc":{"start":{"line":57,"column":51},"end":{"line":70,"column":1}}}},"branchMap":{"0":{"loc":{"start":{"line":14,"column":4},"end":{"line":17,"column":5}},"type":"if","locations":[{"start":{"line":14,"column":4},"end":{"line":17,"column":5}}]},"1":{"loc":{"start":{"line":30,"column":4},"end":{"line":33,"column":5}},"type":"if","locations":[{"start":{"line":30,"column":4},"end":{"line":33,"column":5}}]},"2":{"loc":{"start":{"line":49,"column":4},"end":{"line":52,"column":5}},"type":"if","locations":[{"start":{"line":49,"column":4},"end":{"line":52,"column":5}}]},"3":{"loc":{"start":{"line":65,"column":4},"end":{"line":68,"column":5}},"type":"if","locations":[{"start":{"line":65,"column":4},"end":{"line":68,"column":5}}]}},"s":{"0":2,"1":2,"2":2,"3":2,"4":2,"5":1,"6":1,"7":1,"8":0,"9":1,"10":1,"11":1,"12":2,"13":1,"14":1,"15":1,"16":1,"17":0,"18":1,"19":1,"20":1,"21":2,"22":0,"23":0,"24":0,"25":0,"26":0,"27":0,"28":0,"29":0,"30":0,"31":2,"32":1,"33":1,"34":1,"35":1,"36":0,"37":1,"38":1,"39":1,"40":2},"f":{"0":1,"1":1,"2":1,"3":1,"4":0,"5":0,"6":1,"7":1},"b":{"0":[1],"1":[1],"2":[0],"3":[1]}}
,"/Users/tsukudasayoko/Desktop/portfolio/household_budget/app/backend/src/router/transactions.ts": {"path":"/Users/tsukudasayoko/Desktop/portfolio/household_budget/app/backend/src/router/transactions.ts","statementMap":{"0":{"start":{"line":1,"column":0},"end":{"line":1,"column":33}},"1":{"start":{"line":2,"column":0},"end":{"line":2,"column":31}},"2":{"start":{"line":3,"column":0},"end":{"line":3,"column":39}},"3":{"start":{"line":4,"column":0},"end":{"line":4,"column":63}},"4":{"start":{"line":6,"column":27},"end":{"line":6,"column":35}},"5":{"start":{"line":13,"column":0},"end":{"line":27,"column":3}},"6":{"start":{"line":13,"column":47},"end":{"line":27,"column":2}},"7":{"start":{"line":14,"column":2},"end":{"line":26,"column":3}},"8":{"start":{"line":15,"column":25},"end":{"line":19,"column":6}},"9":{"start":{"line":20,"column":4},"end":{"line":20,"column":27}},"10":{"start":{"line":22,"column":4},"end":{"line":25,"column":5}},"11":{"start":{"line":23,"column":6},"end":{"line":23,"column":66}},"12":{"start":{"line":24,"column":6},"end":{"line":24,"column":55}},"13":{"start":{"line":32,"column":0},"end":{"line":73,"column":3}},"14":{"start":{"line":32,"column":48},"end":{"line":73,"column":2}},"15":{"start":{"line":33,"column":56},"end":{"line":33,"column":64}},"16":{"start":{"line":34,"column":2},"end":{"line":34,"column":53}},"17":{"start":{"line":36,"column":2},"end":{"line":38,"column":4}},"18":{"start":{"line":39,"column":2},"end":{"line":72,"column":3}},"19":{"start":{"line":41,"column":4},"end":{"line":43,"column":6}},"20":{"start":{"line":45,"column":22},"end":{"line":45,"column":42}},"21":{"start":{"line":46,"column":4},"end":{"line":48,"column":5}},"22":{"start":{"line":47,"column":6},"end":{"line":47,"column":44}},"23":{"start":{"line":49,"column":4},"end":{"line":49,"column":50}},"24":{"start":{"line":50,"column":23},"end":{"line":50,"column":60}},"25":{"start":{"line":51,"column":4},"end":{"line":51,"column":49}},"26":{"start":{"line":54,"column":27},"end":{"line":62,"column":6}},"27":{"start":{"line":63,"column":4},"end":{"line":65,"column":6}},"28":{"start":{"line":66,"column":4},"end":{"line":66,"column":41}},"29":{"start":{"line":68,"column":4},"end":{"line":71,"column":5}},"30":{"start":{"line":69,"column":6},"end":{"line":69,"column":71}},"31":{"start":{"line":70,"column":6},"end":{"line":70,"column":54}},"32":{"start":{"line":77,"column":0},"end":{"line":98,"column":3}},"33":{"start":{"line":77,"column":50},"end":{"line":98,"column":2}},"34":{"start":{"line":78,"column":17},"end":{"line":78,"column":27}},"35":{"start":{"line":79,"column":2},"end":{"line":97,"column":3}},"36":{"start":{"line":80,"column":24},"end":{"line":85,"column":6}},"37":{"start":{"line":86,"column":4},"end":{"line":89,"column":5}},"38":{"start":{"line":87,"column":6},"end":{"line":87,"column":50}},"39":{"start":{"line":88,"column":6},"end":{"line":88,"column":63}},"40":{"start":{"line":90,"column":4},"end":{"line":90,"column":65}},"41":{"start":{"line":91,"column":4},"end":{"line":91,"column":26}},"42":{"start":{"line":93,"column":4},"end":{"line":96,"column":5}},"43":{"start":{"line":94,"column":6},"end":{"line":94,"column":66}},"44":{"start":{"line":95,"column":6},"end":{"line":95,"column":56}},"45":{"start":{"line":101,"column":0},"end":{"line":125,"column":3}},"46":{"start":{"line":101,"column":50},"end":{"line":125,"column":2}},"47":{"start":{"line":102,"column":17},"end":{"line":102,"column":27}},"48":{"start":{"line":103,"column":58},"end":{"line":103,"column":66}},"49":{"start":{"line":104,"column":2},"end":{"line":124,"column":3}},"50":{"start":{"line":105,"column":24},"end":{"line":114,"column":6}},"51":{"start":{"line":115,"column":4},"end":{"line":117,"column":6}},"52":{"start":{"line":118,"column":4},"end":{"line":118,"column":26}},"53":{"start":{"line":120,"column":4},"end":{"line":123,"column":5}},"54":{"start":{"line":121,"column":6},"end":{"line":121,"column":72}},"55":{"start":{"line":122,"column":6},"end":{"line":122,"column":54}},"56":{"start":{"line":128,"column":0},"end":{"line":142,"column":3}},"57":{"start":{"line":128,"column":53},"end":{"line":142,"column":2}},"58":{"start":{"line":129,"column":17},"end":{"line":129,"column":27}},"59":{"start":{"line":130,"column":2},"end":{"line":141,"column":3}},"60":{"start":{"line":131,"column":4},"end":{"line":133,"column":7}},"61":{"start":{"line":134,"column":4},"end":{"line":134,"column":40}},"62":{"start":{"line":135,"column":4},"end":{"line":135,"column":39}},"63":{"start":{"line":137,"column":4},"end":{"line":140,"column":5}},"64":{"start":{"line":138,"column":6},"end":{"line":138,"column":69}},"65":{"start":{"line":139,"column":6},"end":{"line":139,"column":54}},"66":{"start":{"line":144,"column":0},"end":{"line":144,"column":34}}},"fnMap":{"0":{"name":"(anonymous_8)","decl":{"start":{"line":13,"column":28},"end":{"line":13,"column":35}},"loc":{"start":{"line":13,"column":47},"end":{"line":27,"column":2}}},"1":{"name":"(anonymous_9)","decl":{"start":{"line":13,"column":47},"end":{"line":13,"column":null}},"loc":{"start":{"line":13,"column":47},"end":{"line":27,"column":1}}},"2":{"name":"(anonymous_10)","decl":{"start":{"line":32,"column":29},"end":{"line":32,"column":36}},"loc":{"start":{"line":32,"column":48},"end":{"line":73,"column":2}}},"3":{"name":"(anonymous_11)","decl":{"start":{"line":32,"column":48},"end":{"line":32,"column":null}},"loc":{"start":{"line":32,"column":48},"end":{"line":73,"column":1}}},"4":{"name":"(anonymous_12)","decl":{"start":{"line":77,"column":31},"end":{"line":77,"column":38}},"loc":{"start":{"line":77,"column":50},"end":{"line":98,"column":2}}},"5":{"name":"(anonymous_13)","decl":{"start":{"line":77,"column":50},"end":{"line":77,"column":null}},"loc":{"start":{"line":77,"column":50},"end":{"line":98,"column":1}}},"6":{"name":"(anonymous_14)","decl":{"start":{"line":101,"column":31},"end":{"line":101,"column":38}},"loc":{"start":{"line":101,"column":50},"end":{"line":125,"column":2}}},"7":{"name":"(anonymous_15)","decl":{"start":{"line":101,"column":50},"end":{"line":101,"column":null}},"loc":{"start":{"line":101,"column":50},"end":{"line":125,"column":1}}},"8":{"name":"(anonymous_16)","decl":{"start":{"line":128,"column":34},"end":{"line":128,"column":41}},"loc":{"start":{"line":128,"column":53},"end":{"line":142,"column":2}}},"9":{"name":"(anonymous_17)","decl":{"start":{"line":128,"column":53},"end":{"line":128,"column":null}},"loc":{"start":{"line":128,"column":53},"end":{"line":142,"column":1}}}},"branchMap":{"0":{"loc":{"start":{"line":22,"column":4},"end":{"line":25,"column":5}},"type":"if","locations":[{"start":{"line":22,"column":4},"end":{"line":25,"column":5}}]},"1":{"loc":{"start":{"line":46,"column":4},"end":{"line":48,"column":5}},"type":"if","locations":[{"start":{"line":46,"column":4},"end":{"line":48,"column":5}}]},"2":{"loc":{"start":{"line":68,"column":4},"end":{"line":71,"column":5}},"type":"if","locations":[{"start":{"line":68,"column":4},"end":{"line":71,"column":5}}]},"3":{"loc":{"start":{"line":86,"column":4},"end":{"line":89,"column":5}},"type":"if","locations":[{"start":{"line":86,"column":4},"end":{"line":89,"column":5}}]},"4":{"loc":{"start":{"line":93,"column":4},"end":{"line":96,"column":5}},"type":"if","locations":[{"start":{"line":93,"column":4},"end":{"line":96,"column":5}}]},"5":{"loc":{"start":{"line":120,"column":4},"end":{"line":123,"column":5}},"type":"if","locations":[{"start":{"line":120,"column":4},"end":{"line":123,"column":5}}]},"6":{"loc":{"start":{"line":137,"column":4},"end":{"line":140,"column":5}},"type":"if","locations":[{"start":{"line":137,"column":4},"end":{"line":140,"column":5}}]}},"s":{"0":2,"1":2,"2":2,"3":2,"4":2,"5":2,"6":1,"7":1,"8":1,"9":0,"10":1,"11":1,"12":1,"13":2,"14":2,"15":2,"16":2,"17":2,"18":2,"19":2,"20":2,"21":2,"22":1,"23":1,"24":1,"25":0,"26":0,"27":0,"28":0,"29":2,"30":2,"31":2,"32":2,"33":2,"34":2,"35":2,"36":2,"37":0,"38":0,"39":0,"40":0,"41":0,"42":2,"43":2,"44":2,"45":2,"46":1,"47":1,"48":1,"49":1,"50":1,"51":0,"52":0,"53":1,"54":1,"55":1,"56":2,"57":1,"58":1,"59":1,"60":1,"61":0,"62":0,"63":1,"64":1,"65":1,"66":2},"f":{"0":1,"1":1,"2":2,"3":2,"4":2,"5":2,"6":1,"7":1,"8":1,"9":1},"b":{"0":[1],"1":[1],"2":[2],"3":[0],"4":[2],"5":[1],"6":[1]}}
,"/Users/tsukudasayoko/Desktop/portfolio/household_budget/app/backend/src/router/user.ts": {"path":"/Users/tsukudasayoko/Desktop/portfolio/household_budget/app/backend/src/router/user.ts","statementMap":{"0":{"start":{"line":1,"column":0},"end":{"line":1,"column":33}},"1":{"start":{"line":3,"column":15},"end":{"line":3,"column":23}},"2":{"start":{"line":6,"column":0},"end":{"line":8,"column":3}},"3":{"start":{"line":7,"column":2},"end":{"line":7,"column":33}},"4":{"start":{"line":11,"column":0},"end":{"line":13,"column":3}},"5":{"start":{"line":12,"column":2},"end":{"line":12,"column":33}},"6":{"start":{"line":16,"column":0},"end":{"line":18,"column":3}},"7":{"start":{"line":17,"column":2},"end":{"line":17,"column":33}},"8":{"start":{"line":21,"column":0},"end":{"line":23,"column":3}},"9":{"start":{"line":22,"column":2},"end":{"line":22,"column":33}},"10":{"start":{"line":26,"column":0},"end":{"line":28,"column":3}},"11":{"start":{"line":27,"column":2},"end":{"line":27,"column":33}},"12":{"start":{"line":30,"column":0},"end":{"line":30,"column":22}}},"fnMap":{"0":{"name":"(anonymous_0)","decl":{"start":{"line":6,"column":16},"end":{"line":6,"column":17}},"loc":{"start":{"line":6,"column":29},"end":{"line":8,"column":1}}},"1":{"name":"(anonymous_1)","decl":{"start":{"line":11,"column":19},"end":{"line":11,"column":20}},"loc":{"start":{"line":11,"column":32},"end":{"line":13,"column":1}}},"2":{"name":"(anonymous_2)","decl":{"start":{"line":16,"column":20},"end":{"line":16,"column":21}},"loc":{"start":{"line":16,"column":33},"end":{"line":18,"column":1}}},"3":{"name":"(anonymous_3)","decl":{"start":{"line":21,"column":19},"end":{"line":21,"column":20}},"loc":{"start":{"line":21,"column":32},"end":{"line":23,"column":1}}},"4":{"name":"(anonymous_4)","decl":{"start":{"line":26,"column":22},"end":{"line":26,"column":23}},"loc":{"start":{"line":26,"column":35},"end":{"line":28,"column":1}}}},"branchMap":{},"s":{"0":2,"1":2,"2":2,"3":0,"4":2,"5":0,"6":2,"7":0,"8":2,"9":0,"10":2,"11":0,"12":2},"f":{"0":0,"1":0,"2":0,"3":0,"4":0},"b":{}}
,"/Users/tsukudasayoko/Desktop/portfolio/household_budget/app/backend/src/utils/categoryUtils.ts": {"path":"/Users/tsukudasayoko/Desktop/portfolio/household_budget/app/backend/src/utils/categoryUtils.ts","statementMap":{"0":{"start":{"line":1,"column":0},"end":{"line":1,"column":31}},"1":{"start":{"line":2,"column":0},"end":{"line":2,"column":39}},"2":{"start":{"line":5,"column":37},"end":{"line":41,"column":2}},"3":{"start":{"line":7,"column":21},"end":{"line":41,"column":2}},"4":{"start":{"line":8,"column":2},"end":{"line":8,"column":59}},"5":{"start":{"line":11,"column":25},"end":{"line":13,"column":4}},"6":{"start":{"line":15,"column":2},"end":{"line":21,"column":3}},"7":{"start":{"line":16,"column":4},"end":{"line":18,"column":6}},"8":{"start":{"line":20,"column":4},"end":{"line":20,"column":59}},"9":{"start":{"line":24,"column":2},"end":{"line":31,"column":3}},"10":{"start":{"line":25,"column":4},"end":{"line":27,"column":7}},"11":{"start":{"line":28,"column":4},"end":{"line":30,"column":6}},"12":{"start":{"line":34,"column":2},"end":{"line":40,"column":3}},"13":{"start":{"line":35,"column":4},"end":{"line":35,"column":59}},"14":{"start":{"line":36,"column":4},"end":{"line":36,"column":31}},"15":{"start":{"line":38,"column":4},"end":{"line":38,"column":40}},"16":{"start":{"line":39,"column":4},"end":{"line":39,"column":41}},"17":{"start":{"line":5,"column":13},"end":{"line":5,"column":37}}},"fnMap":{"0":{"name":"(anonymous_8)","decl":{"start":{"line":5,"column":37},"end":{"line":5,"column":null}},"loc":{"start":{"line":7,"column":21},"end":{"line":41,"column":2}}},"1":{"name":"(anonymous_9)","decl":{"start":{"line":7,"column":21},"end":{"line":7,"column":null}},"loc":{"start":{"line":7,"column":21},"end":{"line":41,"column":1}}}},"branchMap":{"0":{"loc":{"start":{"line":15,"column":2},"end":{"line":21,"column":3}},"type":"if","locations":[{"start":{"line":15,"column":2},"end":{"line":21,"column":3}},{"start":{"line":19,"column":9},"end":{"line":21,"column":3}}]},"1":{"loc":{"start":{"line":24,"column":2},"end":{"line":31,"column":3}},"type":"if","locations":[{"start":{"line":24,"column":2},"end":{"line":31,"column":3}}]},"2":{"loc":{"start":{"line":34,"column":2},"end":{"line":40,"column":3}},"type":"if","locations":[{"start":{"line":34,"column":2},"end":{"line":40,"column":3}},{"start":{"line":37,"column":9},"end":{"line":40,"column":3}}]},"3":{"loc":{"start":{"line":34,"column":6},"end":{"line":34,"column":45}},"type":"binary-expr","locations":[{"start":{"line":34,"column":6},"end":{"line":34,"column":22}},{"start":{"line":34,"column":26},"end":{"line":34,"column":45}}]}},"s":{"0":2,"1":2,"2":2,"3":1,"4":1,"5":1,"6":0,"7":0,"8":0,"9":0,"10":0,"11":0,"12":0,"13":0,"14":0,"15":0,"16":0,"17":2},"f":{"0":1,"1":1},"b":{"0":[0,0],"1":[0],"2":[0,0],"3":[0,0]}}
}
