TN:
SF:src/context/logger.ts
FNF:0
FNH:0
DA:1,3
DA:3,3
DA:15,3
LF:3
LH:3
BRF:0
BRH:0
end_of_record
TN:
SF:src/prisma/index.ts
FNF:0
FNH:0
DA:1,3
DA:3,3
DA:5,3
LF:3
LH:3
BRF:0
BRH:0
end_of_record
TN:
SF:src/router/categories.ts
FN:9,(anonymous_8)
FN:9,(anonymous_9)
FN:22,(anonymous_10)
FN:22,(anonymous_11)
FN:39,(anonymous_12)
FN:39,(anonymous_13)
FN:60,(anonymous_14)
FN:60,(anonymous_15)
FN:78,(anonymous_16)
FN:78,(anonymous_17)
FNF:10
FNH:8
FNDA:1,(anonymous_8)
FNDA:1,(anonymous_9)
FNDA:1,(anonymous_10)
FNDA:1,(anonymous_11)
FNDA:1,(anonymous_12)
FNDA:1,(anonymous_13)
FNDA:0,(anonymous_14)
FNDA:0,(anonymous_15)
FNDA:1,(anonymous_16)
FNDA:1,(anonymous_17)
DA:1,2
DA:2,2
DA:3,2
DA:5,2
DA:9,2
DA:10,1
DA:11,1
DA:12,1
DA:14,0
DA:15,0
DA:16,0
DA:22,2
DA:23,1
DA:24,1
DA:25,1
DA:28,1
DA:30,0
DA:31,0
DA:32,0
DA:39,2
DA:40,1
DA:41,1
DA:42,1
DA:46,1
DA:47,0
DA:49,1
DA:52,0
DA:53,0
DA:54,0
DA:60,2
DA:61,0
DA:62,0
DA:63,0
DA:64,0
DA:68,0
DA:70,0
DA:71,0
DA:72,0
DA:78,2
DA:79,1
DA:80,1
DA:81,1
DA:84,1
DA:86,0
DA:87,0
DA:88,0
DA:93,2
LF:47
LH:26
BRDA:14,0,0,0
BRDA:30,1,0,0
BRDA:46,2,0,0
BRDA:46,2,1,1
BRDA:52,3,0,0
BRDA:70,4,0,0
BRDA:86,5,0,0
BRF:7
BRH:1
end_of_record
TN:
SF:src/router/transactions.ts
FN:13,(anonymous_8)
FN:13,(anonymous_9)
FN:32,(anonymous_10)
FN:32,(anonymous_11)
FN:83,(anonymous_12)
FN:83,(anonymous_13)
FN:107,(anonymous_14)
FN:107,(anonymous_15)
FN:144,(anonymous_16)
FN:144,(anonymous_17)
FNF:10
FNH:10
FNDA:1,(anonymous_8)
FNDA:1,(anonymous_9)
FNDA:2,(anonymous_10)
FNDA:2,(anonymous_11)
FNDA:2,(anonymous_12)
FNDA:2,(anonymous_13)
FNDA:1,(anonymous_14)
FNDA:1,(anonymous_15)
FNDA:1,(anonymous_16)
FNDA:1,(anonymous_17)
DA:1,1
DA:2,1
DA:3,1
DA:4,1
DA:6,1
DA:13,1
DA:14,1
DA:15,1
DA:20,1
DA:22,0
DA:23,0
DA:24,0
DA:32,2
DA:33,2
DA:35,2
DA:36,1
DA:37,1
DA:40,1
DA:42,1
DA:45,1
DA:47,1
DA:51,1
DA:52,1
DA:53,0
DA:55,1
DA:56,1
DA:57,0
DA:60,0
DA:69,0
DA:72,0
DA:74,1
DA:75,1
DA:76,1
DA:83,2
DA:84,2
DA:85,2
DA:86,2
DA:92,1
DA:93,1
DA:94,1
DA:96,0
DA:97,0
DA:99,1
DA:100,1
DA:101,1
DA:107,1
DA:108,1
DA:109,1
DA:110,1
DA:112,1
DA:113,1
DA:115,1
DA:116,0
DA:119,1
DA:131,0
DA:134,0
DA:136,1
DA:137,1
DA:138,1
DA:144,1
DA:145,1
DA:146,1
DA:147,1
DA:150,0
DA:151,0
DA:153,1
DA:154,1
DA:155,1
DA:160,1
LF:69
LH:54
BRDA:22,0,0,0
BRDA:35,1,0,1
BRDA:35,2,0,2
BRDA:35,2,1,2
BRDA:35,2,2,1
BRDA:35,2,3,1
BRDA:52,3,0,0
BRDA:74,4,0,1
BRDA:92,5,0,1
BRDA:99,6,0,1
BRDA:115,7,0,0
BRDA:136,8,0,1
BRDA:153,9,0,1
BRF:13
BRH:10
end_of_record
TN:
SF:src/utils/categoryUtils.ts
FN:5,(anonymous_8)
FN:7,(anonymous_9)
FNF:2
FNH:2
FNDA:4,(anonymous_8)
FNDA:4,(anonymous_9)
DA:1,2
DA:2,2
DA:5,2
DA:7,4
DA:8,4
DA:11,4
DA:15,3
DA:16,2
DA:20,1
DA:24,3
DA:25,1
DA:28,1
DA:34,3
DA:35,3
DA:36,3
DA:38,0
DA:39,0
LF:17
LH:15
BRDA:15,0,0,2
BRDA:15,0,1,1
BRDA:24,1,0,1
BRDA:34,2,0,3
BRDA:34,2,1,0
BRDA:34,3,0,3
BRDA:34,3,1,3
BRF:7
BRH:6
end_of_record
