TN:
SF:src/app.ts
FN:19,(anonymous_1)
FN:36,(anonymous_2)
FN:41,(anonymous_3)
FNF:3
FNH:1
FNDA:11,(anonymous_1)
FNDA:0,(anonymous_2)
FNDA:0,(anonymous_3)
DA:1,2
DA:2,2
DA:3,2
DA:4,2
DA:5,2
DA:6,2
DA:7,2
DA:8,2
DA:11,2
DA:13,2
DA:14,2
DA:15,2
DA:18,2
DA:19,11
DA:22,2
DA:25,2
DA:32,2
DA:33,2
DA:34,2
DA:36,2
DA:37,0
DA:41,2
DA:42,0
DA:45,2
LF:24
LH:22
BRDA:27,0,0,2
BRDA:27,0,1,0
BRF:2
BRH:1
end_of_record
TN:
SF:src/context/logger.ts
FNF:0
FNH:0
DA:1,2
DA:3,2
DA:15,2
LF:3
LH:3
BRF:0
BRH:0
end_of_record
TN:
SF:src/prisma/index.ts
FNF:0
FNH:0
DA:1,2
DA:3,2
DA:5,2
LF:3
LH:3
BRF:0
BRH:0
end_of_record
TN:
SF:src/router/categories.ts
FN:9,(anonymous_8)
FN:9,(anonymous_9)
FN:22,(anonymous_10)
FN:22,(anonymous_11)
FN:39,(anonymous_12)
FN:39,(anonymous_13)
FN:57,(anonymous_14)
FN:57,(anonymous_15)
FNF:8
FNH:6
FNDA:1,(anonymous_8)
FNDA:1,(anonymous_9)
FNDA:1,(anonymous_10)
FNDA:1,(anonymous_11)
FNDA:0,(anonymous_12)
FNDA:0,(anonymous_13)
FNDA:1,(anonymous_14)
FNDA:1,(anonymous_15)
DA:1,2
DA:2,2
DA:3,2
DA:5,2
DA:9,2
DA:10,1
DA:11,1
DA:12,0
DA:14,1
DA:15,1
DA:16,1
DA:22,2
DA:23,1
DA:24,1
DA:25,1
DA:28,0
DA:30,1
DA:31,1
DA:32,1
DA:39,2
DA:40,0
DA:41,0
DA:42,0
DA:43,0
DA:47,0
DA:49,0
DA:50,0
DA:51,0
DA:57,2
DA:58,1
DA:59,1
DA:60,1
DA:63,0
DA:65,1
DA:66,1
DA:67,1
DA:72,2
LF:37
LH:26
BRDA:14,0,0,1
BRDA:30,1,0,1
BRDA:49,2,0,0
BRDA:65,3,0,1
BRF:4
BRH:3
end_of_record
TN:
SF:src/router/transactions.ts
FN:13,(anonymous_8)
FN:13,(anonymous_9)
FN:32,(anonymous_10)
FN:32,(anonymous_11)
FN:77,(anonymous_12)
FN:77,(anonymous_13)
FN:101,(anonymous_14)
FN:101,(anonymous_15)
FN:128,(anonymous_16)
FN:128,(anonymous_17)
FNF:10
FNH:10
FNDA:1,(anonymous_8)
FNDA:1,(anonymous_9)
FNDA:2,(anonymous_10)
FNDA:2,(anonymous_11)
FNDA:2,(anonymous_12)
FNDA:2,(anonymous_13)
FNDA:1,(anonymous_14)
FNDA:1,(anonymous_15)
FNDA:1,(anonymous_16)
FNDA:1,(anonymous_17)
DA:1,2
DA:2,2
DA:3,2
DA:4,2
DA:6,2
DA:13,2
DA:14,1
DA:15,1
DA:20,0
DA:22,1
DA:23,1
DA:24,1
DA:32,2
DA:33,2
DA:34,2
DA:36,2
DA:39,2
DA:41,2
DA:45,2
DA:46,2
DA:47,1
DA:49,1
DA:50,1
DA:51,0
DA:54,0
DA:63,0
DA:66,0
DA:68,2
DA:69,2
DA:70,2
DA:77,2
DA:78,2
DA:79,2
DA:80,2
DA:86,0
DA:87,0
DA:88,0
DA:90,0
DA:91,0
DA:93,2
DA:94,2
DA:95,2
DA:101,2
DA:102,1
DA:103,1
DA:104,1
DA:105,1
DA:115,0
DA:118,0
DA:120,1
DA:121,1
DA:122,1
DA:128,2
DA:129,1
DA:130,1
DA:131,1
DA:134,0
DA:135,0
DA:137,1
DA:138,1
DA:139,1
DA:144,2
LF:62
LH:48
BRDA:22,0,0,1
BRDA:46,1,0,1
BRDA:68,2,0,2
BRDA:86,3,0,0
BRDA:93,4,0,2
BRDA:120,5,0,1
BRDA:137,6,0,1
BRF:7
BRH:6
end_of_record
TN:
SF:src/router/user.ts
FN:6,(anonymous_0)
FN:11,(anonymous_1)
FN:16,(anonymous_2)
FN:21,(anonymous_3)
FN:26,(anonymous_4)
FNF:5
FNH:0
FNDA:0,(anonymous_0)
FNDA:0,(anonymous_1)
FNDA:0,(anonymous_2)
FNDA:0,(anonymous_3)
FNDA:0,(anonymous_4)
DA:1,2
DA:3,2
DA:6,2
DA:7,0
DA:11,2
DA:12,0
DA:16,2
DA:17,0
DA:21,2
DA:22,0
DA:26,2
DA:27,0
DA:30,2
LF:13
LH:8
BRF:0
BRH:0
end_of_record
TN:
SF:src/utils/categoryUtils.ts
FN:5,(anonymous_8)
FN:7,(anonymous_9)
FNF:2
FNH:2
FNDA:1,(anonymous_8)
FNDA:1,(anonymous_9)
DA:1,2
DA:2,2
DA:5,2
DA:7,1
DA:8,1
DA:11,1
DA:15,0
DA:16,0
DA:20,0
DA:24,0
DA:25,0
DA:28,0
DA:34,0
DA:35,0
DA:36,0
DA:38,0
DA:39,0
LF:17
LH:6
BRDA:15,0,0,0
BRDA:15,0,1,0
BRDA:24,1,0,0
BRDA:34,2,0,0
BRDA:34,2,1,0
BRDA:34,3,0,0
BRDA:34,3,1,0
BRF:7
BRH:0
end_of_record
